<?xml version="1.0" encoding="UTF-8"?>
<!-- Generated by org.testng.reporters.JUnitReportReporter -->
<testsuite skipped="0" hostname="SAPPHIRE-QA9L" name="com.qa.runner.TestRunner" tests="2" failures="0" timestamp="2021-09-15T14:16:38 IST" time="112.498" errors="0">
  <testcase name="feature" time="80.438" classname="com.qa.runner.TestRunner"/>
  <system-out/>
  <testcase name="feature" time="32.060" classname="com.qa.runner.TestRunner"/>
  <system-out/>
</testsuite> <!-- com.qa.runner.TestRunner -->
